Build started 01/06/2017 10:01:51.
     1>Project "D:\University Work\Submissions\TriangulateMyTerrain\TriangulateMyTerrain\tygra\tygra.vcxproj" on node 2 (Build target(s)).
     1>Lib:
         tygra.vcxproj -> D:\University Work\Submissions\TriangulateMyTerrain\TriangulateMyTerrain\tygra\lib\Win32\v120\Debug\tygra.lib
       PostBuildEvent:
         xcopy /E /S /I /Y "doc" "D:\University Work\Submissions\TriangulateMyTerrain\TriangulateMyTerrain\external\doc"
         xcopy /E /S /I /Y "include" "D:\University Work\Submissions\TriangulateMyTerrain\TriangulateMyTerrain\external\include"
         xcopy /E /S /I /Y "lib" "D:\University Work\Submissions\TriangulateMyTerrain\TriangulateMyTerrain\external\lib"
         :VCEnd
         File not found - doc
         0 File(s) copied
         include\tygra\FileHelper.hpp
         include\tygra\Image.hpp
         include\tygra\Window.hpp
         include\tygra\WindowControlDelegate.hpp
         include\tygra\WindowViewDelegate.hpp
         5 File(s) copied
         lib\Win32\v120\Debug\tygra.lib
         lib\Win32\v120\Debug\tygra.pdb
         2 File(s) copied
     1>Done Building Project "D:\University Work\Submissions\TriangulateMyTerrain\TriangulateMyTerrain\tygra\tygra.vcxproj" (Build target(s)).

Build succeeded.

Time Elapsed 00:00:00.11
