Build started 01/06/2017 10:01:51.
     1>Project "D:\University Work\Submissions\TriangulateMyTerrain\TriangulateMyTerrain\SceneModel\SceneModel.vcxproj" on node 3 (Build target(s)).
     1>Lib:
         SceneModel.vcxproj -> D:\University Work\Submissions\TriangulateMyTerrain\TriangulateMyTerrain\SceneModel\lib\Win32\v120\Debug\SceneModel.lib
       PostBuildEvent:
         xcopy /E /S /I /Y "doc" "D:\University Work\Submissions\TriangulateMyTerrain\TriangulateMyTerrain\external\doc"
         xcopy /E /S /I /Y "include" "D:\University Work\Submissions\TriangulateMyTerrain\TriangulateMyTerrain\external\include"
         xcopy /E /S /I /Y "lib" "D:\University Work\Submissions\TriangulateMyTerrain\TriangulateMyTerrain\external\lib"
         :VCEnd
         File not found - doc
         0 File(s) copied
         include\SceneModel\Array2d.hpp
         include\SceneModel\Camera.hpp
         include\SceneModel\Context.hpp
         3 File(s) copied
         lib\Win32\v120\Debug\SceneModel.lib
         lib\Win32\v120\Debug\scenemodel.pdb
         2 File(s) copied
     1>Done Building Project "D:\University Work\Submissions\TriangulateMyTerrain\TriangulateMyTerrain\SceneModel\SceneModel.vcxproj" (Build target(s)).

Build succeeded.

Time Elapsed 00:00:00.11
